<?xml version="1.0" encoding="UTF-8"?>
<!-- Generated by org.testng.reporters.JUnitReportReporter -->
<testsuite hostname="prasad" failures="0" tests="2" name="annotations.TestMethod2" time="0.011" errors="0" timestamp="2022-06-01T16:36:58 IST" skipped="0">
  <testcase classname="annotations.TestMethod2" name="test4" time="0.006"/>
  <system-out/>
  <testcase classname="annotations.TestMethod2" name="test3" time="0.005"/>
  <system-out/>
</testsuite> <!-- annotations.TestMethod2 -->
