<?xml version="1.0" encoding="UTF-8"?>
<!-- Generated by org.testng.reporters.JUnitReportReporter -->
<testsuite hostname="prasad" failures="0" tests="3" name="annotations.DataPro" time="0.012" errors="0" timestamp="2022-06-01T17:48:16 IST" skipped="0">
  <testcase classname="annotations.DataPro" name="cardetails" time="0.002"/>
  <system-out/>
  <testcase classname="annotations.DataPro" name="cardetails" time="0.009"/>
  <system-out/>
  <testcase classname="annotations.DataPro" name="cardetails" time="0.001"/>
  <system-out/>
</testsuite> <!-- annotations.DataPro -->
