<?xml version="1.0" encoding="UTF-8"?>
<!-- Generated by org.testng.reporters.JUnitReportReporter -->
<testsuite hostname="prasad" failures="0" tests="1" name="randomdata.RandomData" time="0.013" errors="0" timestamp="2022-06-03T22:15:16 IST" skipped="0">
  <testcase classname="randomdata.RandomData" name="random" time="0.013"/>
  <system-out/>
</testsuite> <!-- randomdata.RandomData -->
