<?xml version="1.0" encoding="UTF-8"?>
<!-- Generated by org.testng.reporters.JUnitReportReporter -->
<testsuite hostname="prasad" failures="0" tests="1" name="testng.Facebook" time="14.992" errors="0" timestamp="2022-05-27T17:15:58 IST" skipped="0">
  <testcase classname="testng.Facebook" name="test1" time="14.992"/>
  <system-out/>
</testsuite> <!-- testng.Facebook -->
