<?xml version="1.0" encoding="UTF-8"?>
<!-- Generated by org.testng.reporters.JUnitReportReporter -->
<testsuite hostname="prasad" failures="0" tests="2" name="testng.TestNgPractice" time="0.011" errors="0" timestamp="2022-05-25T23:02:22 IST" skipped="0">
  <testcase classname="testng.TestNgPractice" name="logouttest" time="0.002"/>
  <system-out/>
  <testcase classname="testng.TestNgPractice" name="logintest" time="0.009"/>
  <system-out/>
</testsuite> <!-- testng.TestNgPractice -->
