<?xml version="1.0" encoding="UTF-8"?>
<!-- Generated by org.testng.reporters.JUnitReportReporter -->
<testsuite hostname="prasad" failures="0" tests="1" name="randomdata.RandomNumber" time="0.316" errors="0" timestamp="2022-06-05T19:22:33 IST" skipped="0">
  <testcase classname="randomdata.RandomNumber" name="randomgeneral" time="0.316"/>
  <system-out/>
</testsuite> <!-- randomdata.RandomNumber -->
