<?xml version="1.0" encoding="UTF-8"?>
<!-- Generated by org.testng.reporters.JUnitReportReporter -->
<testsuite hostname="prasad" failures="0" tests="2" name="annotations.Annotation" time="0.293" errors="0" timestamp="2022-06-06T16:13:35 IST" skipped="0">
  <testcase classname="annotations.Annotation" name="verifypageTitleTest" time="0.010"/>
  <system-out/>
  <testcase classname="annotations.Annotation" name="loginpage" time="0.283"/>
  <system-out/>
</testsuite> <!-- annotations.Annotation -->
