<?xml version="1.0" encoding="UTF-8"?>
<!-- Generated by org.testng.reporters.JUnitReportReporter -->
<testsuite hostname="prasad" failures="0" tests="1" name="realtime.Prologin" time="269.363" errors="0" timestamp="2022-06-06T17:52:05 IST" skipped="0">
  <testcase classname="realtime.Prologin" name="lauchpage" time="269.363"/>
  <system-out/>
</testsuite> <!-- realtime.Prologin -->
